<?xml version="1.0" encoding="UTF-8"?>
<TestRun id="d00e732d-eae5-4cd1-9b78-1b513e137e09" name="Dennis@BLACKSATIN 2011-10-02 09:47:47" runUser="BlackSatin\Dennis" xmlns="http://microsoft.com/schemas/VisualStudio/TeamTest/2010">
  <TestSettings name="Local" id="469dbf55-0fb3-4de3-9455-75d37def6e78">
    <Description>These are default test settings for a local test run.</Description>
    <Deployment enabled="false" runDeploymentRoot="Dennis_BLACKSATIN 2011-10-02 09_47_47">
      <DeploymentItem filename="D:\Users\Dennis\My Documents\Visual Studio 2010\Projects\pvbeancounter\trunk\Conversations\bin\x86\Debug\Conversations.dll" />
      <DeploymentItem filename="D:\Users\Dennis\My Documents\Visual Studio 2010\Projects\pvbeancounter\trunk\GenericConnector\bin\x86\Debug\GenericConnector.dll" />
      <DeploymentItem filename="D:\Users\Dennis\My Documents\Visual Studio 2010\Projects\pvbeancounter\trunk\PVInverterManagement\bin\x86\Debug\PVInverterManagement.dll" />
      <DeploymentItem filename="D:\Users\Dennis\My Documents\Visual Studio 2010\Projects\pvbeancounter\trunk\Utilities\bin\x86\Debug\Utilities.dll" />
      <DeploymentItem filename="D:\Users\Dennis\My Documents\Visual Studio 2010\Projects\pvbeancounter\external dlls\32Feet.Assemblies\XP2\InTheHand.Net.Personal.dll" />
      <DeploymentItem filename="D:\Users\Dennis\My Documents\Visual Studio 2010\Projects\pvbeancounter\trunk\PVSettings\bin\x86\Debug\PVSettings.dll" />
      <DeploymentItem filename="D:\Users\Dennis\My Documents\Visual Studio 2010\Projects\pvbeancounter\trunk\DeviceStream\bin\x86\Debug\DeviceStream.dll" />
      <DeploymentItem filename="D:\Users\Dennis\My Documents\Visual Studio 2010\Projects\pvbeancounter\trunk\PVService\bin\Debug\PVService.exe" />
    </Deployment>
    <Execution>
      <TestTypeSpecific />
      <AgentRule name="Execution Agents">
      </AgentRule>
    </Execution>
  </TestSettings>
  <Times creation="2011-10-02T09:47:47.3258275+10:00" queuing="2011-10-02T09:47:49.3382310+10:00" start="2011-10-02T09:47:49.5098313+10:00" finish="2011-10-02T09:48:45.1781471+10:00" />
  <ResultSummary outcome="Error">
    <Counters total="1" executed="1" error="0" failed="0" timeout="0" aborted="1" inconclusive="0" passedButRunAborted="0" notRunnable="0" notExecuted="0" disconnected="0" warning="0" passed="0" completed="0" inProgress="0" pending="0" />
    <RunInfos>
      <RunInfo computerName="BLACKSATIN" outcome="Warning" timestamp="2011-10-02T09:47:47.4974278+10:00">
        <Text>Deployment is currently disabled. The deployment item 'PVService.exe' on test 'PVRecords_Test.PVServiceTest.OnStartTest' was not deployed.</Text>
      </RunInfo>
      <RunInfo computerName="BLACKSATIN" outcome="Error" timestamp="2011-10-02T09:48:45.1771470+10:00">
        <Text>Test host process exited unexpectedly.</Text>
      </RunInfo>
    </RunInfos>
  </ResultSummary>
  <TestDefinitions>
    <UnitTest name="OnStartTest" storage="d:\users\dennis\my documents\visual studio 2010\projects\pvbeancounter\trunk\pvrecords_test\bin\x86\debug\pvrecords_test.dll" id="fa07783a-7b64-985d-9203-06f03d4218a3">
      <DeploymentItems>
        <DeploymentItem filename="PVService.exe" />
      </DeploymentItems>
      <Execution id="482313b8-32ab-4c2f-9e24-2b8231be80bf" />
      <TestMethod codeBase="D:/Users/Dennis/My Documents/Visual Studio 2010/Projects/pvbeancounter/trunk/PVRecords_Test/bin/x86/Debug/PVRecords_Test.DLL" adapterTypeName="Microsoft.VisualStudio.TestTools.TestTypes.Unit.UnitTestAdapter, Microsoft.VisualStudio.QualityTools.Tips.UnitTest.Adapter, Version=10.0.0.0, Culture=neutral, PublicKeyToken=b03f5f7f11d50a3a" className="PVRecords_Test.PVServiceTest, PVRecords_Test, Version=1.0.0.0, Culture=neutral, PublicKeyToken=null" name="OnStartTest" />
    </UnitTest>
  </TestDefinitions>
  <TestLists>
    <TestList name="Results Not in a List" id="8c84fa94-04c1-424b-9868-57a2d4851a1d" />
    <TestList name="All Loaded Results" id="19431567-8539-422a-85d7-44ee4e166bda" />
  </TestLists>
  <TestEntries>
    <TestEntry testId="fa07783a-7b64-985d-9203-06f03d4218a3" executionId="482313b8-32ab-4c2f-9e24-2b8231be80bf" testListId="8c84fa94-04c1-424b-9868-57a2d4851a1d" />
  </TestEntries>
  <Results>
    <UnitTestResult executionId="482313b8-32ab-4c2f-9e24-2b8231be80bf" testId="fa07783a-7b64-985d-9203-06f03d4218a3" testName="OnStartTest" computerName="BLACKSATIN" duration="00:00:55.5279155" startTime="2011-10-02T09:47:49.6502316+10:00" endTime="2011-10-02T09:48:45.1781471+10:00" testType="13cdc9d9-ddb5-4fa4-a97d-d965ccfc6d4b" outcome="Aborted" testListId="8c84fa94-04c1-424b-9868-57a2d4851a1d" relativeResultsDirectory="482313b8-32ab-4c2f-9e24-2b8231be80bf">
    </UnitTestResult>
  </Results>
</TestRun>