<?xml version="1.0" encoding="UTF-8"?>
<TestRun id="1d11d431-eb74-4f27-8a35-d07d3459d4ec" name="dennis@PEOPLEEATER 2011-03-05 17:02:22" runUser="PeopleEater\dennis" xmlns="http://microsoft.com/schemas/VisualStudio/TeamTest/2010">
  <TestSettings name="Local" id="469dbf55-0fb3-4de3-9455-75d37def6e78">
    <Description>These are default test settings for a local test run.</Description>
    <Deployment userDeploymentRoot="D:\Users\Dennis\Documents\Visual Studio 2010\Projects\pvbeancounter\trunk\TestResults" useDefaultDeploymentRoot="false" enabled="false" runDeploymentRoot="dennis_PEOPLEEATER 2011-03-05 17_02_22">
      <DeploymentItem filename="D:\Users\Dennis\Documents\Visual Studio 2010\Projects\pvbeancounter\trunk\PVService\bin\Debug\PVService.exe" />
      <DeploymentItem filename="D:\Users\Dennis\Documents\Visual Studio 2010\Projects\pvbeancounter\trunk\Conversations\bin\x86\Debug\Conversations.dll" />
      <DeploymentItem filename="D:\Users\Dennis\Documents\Visual Studio 2010\Projects\pvbeancounter\external dlls\32Feet.Assemblies\XP2\InTheHand.Net.Personal.dll" />
      <DeploymentItem filename="D:\Users\Dennis\Documents\Visual Studio 2010\Projects\pvbeancounter\trunk\Utilities\bin\x86\Debug\Utilities.dll" />
      <DeploymentItem filename="D:\Users\Dennis\Documents\Visual Studio 2010\Projects\pvbeancounter\trunk\GenericConnector\bin\x86\Debug\GenericConnector.dll" />
      <DeploymentItem filename="D:\Users\Dennis\Documents\Visual Studio 2010\Projects\pvbeancounter\trunk\PVInverterManagement\bin\x86\Debug\PVInverterManagement.dll" />
      <DeploymentItem filename="D:\Users\Dennis\Documents\Visual Studio 2010\Projects\pvbeancounter\trunk\DeviceStream\bin\x86\Debug\DeviceStream.dll" />
      <DeploymentItem filename="D:\Users\Dennis\Documents\Visual Studio 2010\Projects\pvbeancounter\trunk\PVSettings\bin\x86\Debug\PVSettings.dll" />
    </Deployment>
    <Execution>
      <TestTypeSpecific />
      <AgentRule name="Execution Agents">
      </AgentRule>
    </Execution>
  </TestSettings>
  <Times creation="2011-03-05T17:02:22.7172172+10:00" queuing="2011-03-05T17:02:24.5843240+10:00" start="2011-03-05T17:02:24.8063367+10:00" finish="2011-03-05T17:02:53.1009551+10:00" />
  <ResultSummary outcome="Error">
    <Counters total="1" executed="1" error="0" failed="0" timeout="0" aborted="1" inconclusive="0" passedButRunAborted="0" notRunnable="0" notExecuted="0" disconnected="0" warning="0" passed="0" completed="0" inProgress="0" pending="0" />
    <RunInfos>
      <RunInfo computerName="PEOPLEEATER" outcome="Error" timestamp="2011-03-05T17:02:53.0959548+10:00">
        <Text>Test host process exited unexpectedly.</Text>
      </RunInfo>
    </RunInfos>
  </ResultSummary>
  <TestDefinitions>
    <UnitTest name="MonitorCCEnviRTest" storage="d:\users\dennis\documents\visual studio 2010\projects\pvbeancounter\trunk\pvrecords_test\bin\x86\debug\pvrecords_test.dll" id="304bec18-6cbf-4ddf-d11a-6159bd7832ea">
      <Execution id="957fe29d-beeb-4480-8025-a77455410e94" />
      <TestMethod codeBase="D:/Users/Dennis/Documents/Visual Studio 2010/Projects/pvbeancounter/trunk/PVRecords_Test/bin/x86/Debug/PVRecords_Test.DLL" adapterTypeName="Microsoft.VisualStudio.TestTools.TestTypes.Unit.UnitTestAdapter, Microsoft.VisualStudio.QualityTools.Tips.UnitTest.Adapter, Version=10.0.0.0, Culture=neutral, PublicKeyToken=b03f5f7f11d50a3a" className="PVRecords_Test.CCManagerTest, PVRecords_Test, Version=1.0.0.0, Culture=neutral, PublicKeyToken=null" name="MonitorCCEnviRTest" />
    </UnitTest>
  </TestDefinitions>
  <TestLists>
    <TestList name="Results Not in a List" id="8c84fa94-04c1-424b-9868-57a2d4851a1d" />
    <TestList name="All Loaded Results" id="19431567-8539-422a-85d7-44ee4e166bda" />
  </TestLists>
  <TestEntries>
    <TestEntry testId="304bec18-6cbf-4ddf-d11a-6159bd7832ea" executionId="957fe29d-beeb-4480-8025-a77455410e94" testListId="8c84fa94-04c1-424b-9868-57a2d4851a1d" />
  </TestEntries>
  <Results>
    <UnitTestResult executionId="957fe29d-beeb-4480-8025-a77455410e94" testId="304bec18-6cbf-4ddf-d11a-6159bd7832ea" testName="MonitorCCEnviRTest" computerName="PEOPLEEATER" duration="00:00:28.1766116" startTime="2011-03-05T17:02:24.9243435+10:00" endTime="2011-03-05T17:02:53.1009551+10:00" testType="13cdc9d9-ddb5-4fa4-a97d-d965ccfc6d4b" outcome="Aborted" testListId="8c84fa94-04c1-424b-9868-57a2d4851a1d" relativeResultsDirectory="957fe29d-beeb-4480-8025-a77455410e94">
    </UnitTestResult>
  </Results>
</TestRun>