<?xml version="1.0" encoding="UTF-8"?>
<TestRun id="5d646482-c148-4bf1-9b81-7248d43fb30a" name="dennis@PEOPLEEATER 2011-03-05 16:35:04" runUser="PeopleEater\dennis" xmlns="http://microsoft.com/schemas/VisualStudio/TeamTest/2010">
  <TestSettings name="Local" id="469dbf55-0fb3-4de3-9455-75d37def6e78">
    <Description>These are default test settings for a local test run.</Description>
    <Deployment userDeploymentRoot="D:\Users\Dennis\Documents\Visual Studio 2010\Projects\pvbeancounter\trunk\TestResults" useDefaultDeploymentRoot="false" enabled="false" runDeploymentRoot="dennis_PEOPLEEATER 2011-03-05 16_35_04">
      <DeploymentItem filename="D:\Users\Dennis\Documents\Visual Studio 2010\Projects\pvbeancounter\trunk\PVService\bin\Debug\PVService.exe" />
      <DeploymentItem filename="D:\Users\Dennis\Documents\Visual Studio 2010\Projects\pvbeancounter\trunk\Conversations\bin\x86\Debug\Conversations.dll" />
      <DeploymentItem filename="D:\Users\Dennis\Documents\Visual Studio 2010\Projects\pvbeancounter\external dlls\32Feet.Assemblies\XP2\InTheHand.Net.Personal.dll" />
      <DeploymentItem filename="D:\Users\Dennis\Documents\Visual Studio 2010\Projects\pvbeancounter\trunk\Utilities\bin\x86\Debug\Utilities.dll" />
      <DeploymentItem filename="D:\Users\Dennis\Documents\Visual Studio 2010\Projects\pvbeancounter\trunk\GenericConnector\bin\x86\Debug\GenericConnector.dll" />
      <DeploymentItem filename="D:\Users\Dennis\Documents\Visual Studio 2010\Projects\pvbeancounter\trunk\PVInverterManagement\bin\x86\Debug\PVInverterManagement.dll" />
      <DeploymentItem filename="D:\Users\Dennis\Documents\Visual Studio 2010\Projects\pvbeancounter\trunk\DeviceStream\bin\x86\Debug\DeviceStream.dll" />
      <DeploymentItem filename="D:\Users\Dennis\Documents\Visual Studio 2010\Projects\pvbeancounter\trunk\PVSettings\bin\x86\Debug\PVSettings.dll" />
    </Deployment>
    <Execution>
      <TestTypeSpecific />
      <AgentRule name="Execution Agents">
      </AgentRule>
    </Execution>
  </TestSettings>
  <Times creation="2011-03-05T16:35:04.6815269+10:00" queuing="2011-03-05T16:35:06.5756353+10:00" start="2011-03-05T16:35:06.7456450+10:00" finish="2011-03-05T16:35:25.4397142+10:00" />
  <ResultSummary outcome="Error">
    <Counters total="11" executed="1" error="0" failed="0" timeout="0" aborted="1" inconclusive="0" passedButRunAborted="0" notRunnable="0" notExecuted="10" disconnected="0" warning="0" passed="0" completed="0" inProgress="0" pending="0" />
    <RunInfos>
      <RunInfo computerName="PEOPLEEATER" outcome="Warning" timestamp="2011-03-05T16:35:04.6895274+10:00">
        <Text>Deployment is currently disabled. The deployment item 'PVService.exe' on test 'PVRecords_Test.PVServiceTest.OnStartTest' was not deployed.</Text>
      </RunInfo>
      <RunInfo computerName="PEOPLEEATER" outcome="Error" timestamp="2011-03-05T16:35:25.4337139+10:00">
        <Text>Test host process exited unexpectedly.</Text>
      </RunInfo>
    </RunInfos>
  </ResultSummary>
  <TestDefinitions>
    <UnitTest name="OnStartTest" storage="d:\users\dennis\documents\visual studio 2010\projects\pvbeancounter\trunk\pvrecords_test\bin\x86\debug\pvrecords_test.dll" id="fa07783a-7b64-985d-9203-06f03d4218a3">
      <DeploymentItems>
        <DeploymentItem filename="PVService.exe" />
      </DeploymentItems>
      <Execution id="a92ce64f-96f1-4a78-9ded-8a6757273253" />
      <TestMethod codeBase="D:/Users/Dennis/Documents/Visual Studio 2010/Projects/pvbeancounter/trunk/PVRecords_Test/bin/x86/Debug/PVRecords_Test.DLL" adapterTypeName="Microsoft.VisualStudio.TestTools.TestTypes.Unit.UnitTestAdapter, Microsoft.VisualStudio.QualityTools.Tips.UnitTest.Adapter, Version=10.0.0.0, Culture=neutral, PublicKeyToken=b03f5f7f11d50a3a" className="PVRecords_Test.PVServiceTest, PVRecords_Test, Version=1.0.0.0, Culture=neutral, PublicKeyToken=null" name="OnStartTest" />
    </UnitTest>
    <UnitTest name="ApplicationSettingsConstructorTest" storage="d:\users\dennis\documents\visual studio 2010\projects\pvbeancounter\trunk\pvrecords_test\bin\x86\debug\pvrecords_test.dll" id="b07455e8-d6f7-db20-cdce-595623ba955a">
      <Execution id="301f1860-6e03-46f3-84de-883a36148706" />
      <TestMethod codeBase="D:/Users/Dennis/Documents/Visual Studio 2010/Projects/pvbeancounter/trunk/PVRecords_Test/bin/x86/Debug/PVRecords_Test.DLL" adapterTypeName="Microsoft.VisualStudio.TestTools.TestTypes.Unit.UnitTestAdapter, Microsoft.VisualStudio.QualityTools.Tips.UnitTest.Adapter, Version=10.0.0.0, Culture=neutral, PublicKeyToken=b03f5f7f11d50a3a" className="PVRecords_Test.ApplicationSettingsTest, PVRecords_Test, Version=1.0.0.0, Culture=neutral, PublicKeyToken=null" name="ApplicationSettingsConstructorTest" />
    </UnitTest>
    <UnitTest name="PrepareLoadListTest" storage="d:\users\dennis\documents\visual studio 2010\projects\pvbeancounter\trunk\pvrecords_test\bin\x86\debug\pvrecords_test.dll" id="f4155b3f-f552-fbef-c947-f288b0b80f08">
      <Execution id="31214ccd-59c2-406c-98d4-38d2b95a8eee" />
      <TestMethod codeBase="D:/Users/Dennis/Documents/Visual Studio 2010/Projects/pvbeancounter/trunk/PVRecords_Test/bin/x86/Debug/PVRecords_Test.DLL" adapterTypeName="Microsoft.VisualStudio.TestTools.TestTypes.Unit.UnitTestAdapter, Microsoft.VisualStudio.QualityTools.Tips.UnitTest.Adapter, Version=10.0.0.0, Culture=neutral, PublicKeyToken=b03f5f7f11d50a3a" className="PVRecords_Test.PVOutputUtilitiesTest, PVRecords_Test, Version=1.0.0.0, Culture=neutral, PublicKeyToken=null" name="PrepareLoadListTest" />
    </UnitTest>
    <UnitTest name="ManageExecutionStateTest" storage="d:\users\dennis\documents\visual studio 2010\projects\pvbeancounter\trunk\pvrecords_test\bin\x86\debug\pvrecords_test.dll" id="8c93a772-f3de-a26f-66b1-0254c5ba6318">
      <DeploymentItems>
        <DeploymentItem filename="PVInverterManagement.dll" />
      </DeploymentItems>
      <Execution id="59597df3-48c2-4380-9687-00922269a1ad" />
      <TestMethod codeBase="D:/Users/Dennis/Documents/Visual Studio 2010/Projects/pvbeancounter/trunk/PVRecords_Test/bin/x86/Debug/PVRecords_Test.DLL" adapterTypeName="Microsoft.VisualStudio.TestTools.TestTypes.Unit.UnitTestAdapter, Microsoft.VisualStudio.QualityTools.Tips.UnitTest.Adapter, Version=10.0.0.0, Culture=neutral, PublicKeyToken=b03f5f7f11d50a3a" className="PVRecords_Test.ExecutionStateManagerTest, PVRecords_Test, Version=1.0.0.0, Culture=neutral, PublicKeyToken=null" name="ManageExecutionStateTest" />
    </UnitTest>
    <UnitTest name="GetMessageTest" storage="d:\users\dennis\documents\visual studio 2010\projects\pvbeancounter\trunk\pvrecords_test\bin\x86\debug\pvrecords_test.dll" id="77728677-88b6-005e-f385-94652e2eda07">
      <Execution id="c13c6bb8-84ba-4515-9f41-10bcb50a0de3" />
      <TestMethod codeBase="D:/Users/Dennis/Documents/Visual Studio 2010/Projects/pvbeancounter/trunk/PVRecords_Test/bin/x86/Debug/PVRecords_Test.DLL" adapterTypeName="Microsoft.VisualStudio.TestTools.TestTypes.Unit.UnitTestAdapter, Microsoft.VisualStudio.QualityTools.Tips.UnitTest.Adapter, Version=10.0.0.0, Culture=neutral, PublicKeyToken=b03f5f7f11d50a3a" className="PVRecords_Test.CCManagerTest, PVRecords_Test, Version=1.0.0.0, Culture=neutral, PublicKeyToken=null" name="GetMessageTest" />
    </UnitTest>
    <UnitTest name="extractRecordsTest" storage="d:\users\dennis\documents\visual studio 2010\projects\pvbeancounter\trunk\pvrecords_test\bin\x86\debug\pvrecords_test.dll" id="cce70440-9a15-4a61-aca5-3e666f618c81">
      <Execution id="b28a531b-3bcb-4853-9753-2c66c7f1a89d" />
      <TestMethod codeBase="D:/Users/Dennis/Documents/Visual Studio 2010/Projects/pvbeancounter/trunk/PVRecords_Test/bin/x86/Debug/PVRecords_Test.DLL" adapterTypeName="Microsoft.VisualStudio.TestTools.TestTypes.Unit.UnitTestAdapter, Microsoft.VisualStudio.QualityTools.Tips.UnitTest.Adapter, Version=10.0.0.0, Culture=neutral, PublicKeyToken=b03f5f7f11d50a3a" className="PVRecords_Test.SunnyExplorerCSVParserTest, PVRecords_Test, Version=1.0.0.0, Culture=neutral, PublicKeyToken=null" name="extractRecordsTest" />
    </UnitTest>
    <UnitTest name="SuspendForDurationTest" storage="d:\users\dennis\documents\visual studio 2010\projects\pvbeancounter\trunk\pvrecords_test\bin\x86\debug\pvrecords_test.dll" id="3bdfeb6a-1940-3387-cd87-eb3de9d258af">
      <Execution id="62ac127e-0353-4789-b880-7d9bffdb49d5" />
      <TestMethod codeBase="D:/Users/Dennis/Documents/Visual Studio 2010/Projects/pvbeancounter/trunk/PVRecords_Test/bin/x86/Debug/PVRecords_Test.DLL" adapterTypeName="Microsoft.VisualStudio.TestTools.TestTypes.Unit.UnitTestAdapter, Microsoft.VisualStudio.QualityTools.Tips.UnitTest.Adapter, Version=10.0.0.0, Culture=neutral, PublicKeyToken=b03f5f7f11d50a3a" className="PVRecords_Test.SystemServicesTest, PVRecords_Test, Version=1.0.0.0, Culture=neutral, PublicKeyToken=null" name="SuspendForDurationTest" />
    </UnitTest>
    <UnitTest name="RunExtractTest" storage="d:\users\dennis\documents\visual studio 2010\projects\pvbeancounter\trunk\pvrecords_test\bin\x86\debug\pvrecords_test.dll" id="3c9984cf-43c8-041a-86d6-73e5c5077978">
      <Execution id="b9ccbd0a-694c-495e-82d5-b986629b4d4e" />
      <TestMethod codeBase="D:/Users/Dennis/Documents/Visual Studio 2010/Projects/pvbeancounter/trunk/PVRecords_Test/bin/x86/Debug/PVRecords_Test.DLL" adapterTypeName="Microsoft.VisualStudio.TestTools.TestTypes.Unit.UnitTestAdapter, Microsoft.VisualStudio.QualityTools.Tips.UnitTest.Adapter, Version=10.0.0.0, Culture=neutral, PublicKeyToken=b03f5f7f11d50a3a" className="PVRecords_Test.InverterManagerTest, PVRecords_Test, Version=1.0.0.0, Culture=neutral, PublicKeyToken=null" name="RunExtractTest" />
    </UnitTest>
    <UnitTest name="UpdateTo_1_3_0_0Test" storage="d:\users\dennis\documents\visual studio 2010\projects\pvbeancounter\trunk\pvrecords_test\bin\x86\debug\pvrecords_test.dll" id="97d6d7ba-50e8-19b3-81e8-e5706c5bcf43">
      <Execution id="db574ab6-2a1f-4328-8cad-540dfb0664ac" />
      <TestMethod codeBase="D:/Users/Dennis/Documents/Visual Studio 2010/Projects/pvbeancounter/trunk/PVRecords_Test/bin/x86/Debug/PVRecords_Test.DLL" adapterTypeName="Microsoft.VisualStudio.TestTools.TestTypes.Unit.UnitTestAdapter, Microsoft.VisualStudio.QualityTools.Tips.UnitTest.Adapter, Version=10.0.0.0, Culture=neutral, PublicKeyToken=b03f5f7f11d50a3a" className="PVRecords_Test.VersionManagerTest, PVRecords_Test, Version=1.0.0.0, Culture=neutral, PublicKeyToken=null" name="UpdateTo_1_3_0_0Test" />
    </UnitTest>
    <UnitTest name="MonitorCCEnviRTest" storage="d:\users\dennis\documents\visual studio 2010\projects\pvbeancounter\trunk\pvrecords_test\bin\x86\debug\pvrecords_test.dll" id="304bec18-6cbf-4ddf-d11a-6159bd7832ea">
      <Execution id="146a1ce5-0e15-4f7c-9c89-baff259bbdfd" />
      <TestMethod codeBase="D:/Users/Dennis/Documents/Visual Studio 2010/Projects/pvbeancounter/trunk/PVRecords_Test/bin/x86/Debug/PVRecords_Test.DLL" adapterTypeName="Microsoft.VisualStudio.TestTools.TestTypes.Unit.UnitTestAdapter, Microsoft.VisualStudio.QualityTools.Tips.UnitTest.Adapter, Version=10.0.0.0, Culture=neutral, PublicKeyToken=b03f5f7f11d50a3a" className="PVRecords_Test.CCManagerTest, PVRecords_Test, Version=1.0.0.0, Culture=neutral, PublicKeyToken=null" name="MonitorCCEnviRTest" />
    </UnitTest>
    <UnitTest name="ReadFromBufferTest" storage="d:\users\dennis\documents\visual studio 2010\projects\pvbeancounter\trunk\pvrecords_test\bin\x86\debug\pvrecords_test.dll" id="df75989c-ce1a-3a2f-0c63-189750f309f8">
      <Execution id="f473762f-4777-4b72-91cc-1875acca3a2b" />
      <TestMethod codeBase="D:/Users/Dennis/Documents/Visual Studio 2010/Projects/pvbeancounter/trunk/PVRecords_Test/bin/x86/Debug/PVRecords_Test.DLL" adapterTypeName="Microsoft.VisualStudio.TestTools.TestTypes.Unit.UnitTestAdapter, Microsoft.VisualStudio.QualityTools.Tips.UnitTest.Adapter, Version=10.0.0.0, Culture=neutral, PublicKeyToken=b03f5f7f11d50a3a" className="PVRecords_Test.DeviceStreamTest, PVRecords_Test, Version=1.0.0.0, Culture=neutral, PublicKeyToken=null" name="ReadFromBufferTest" />
    </UnitTest>
  </TestDefinitions>
  <TestLists>
    <TestList name="Results Not in a List" id="8c84fa94-04c1-424b-9868-57a2d4851a1d" />
    <TestList name="All Loaded Results" id="19431567-8539-422a-85d7-44ee4e166bda" />
  </TestLists>
  <TestEntries>
    <TestEntry testId="304bec18-6cbf-4ddf-d11a-6159bd7832ea" executionId="146a1ce5-0e15-4f7c-9c89-baff259bbdfd" testListId="8c84fa94-04c1-424b-9868-57a2d4851a1d" />
    <TestEntry testId="b07455e8-d6f7-db20-cdce-595623ba955a" executionId="301f1860-6e03-46f3-84de-883a36148706" testListId="8c84fa94-04c1-424b-9868-57a2d4851a1d" />
    <TestEntry testId="77728677-88b6-005e-f385-94652e2eda07" executionId="c13c6bb8-84ba-4515-9f41-10bcb50a0de3" testListId="8c84fa94-04c1-424b-9868-57a2d4851a1d" />
    <TestEntry testId="cce70440-9a15-4a61-aca5-3e666f618c81" executionId="b28a531b-3bcb-4853-9753-2c66c7f1a89d" testListId="8c84fa94-04c1-424b-9868-57a2d4851a1d" />
    <TestEntry testId="fa07783a-7b64-985d-9203-06f03d4218a3" executionId="a92ce64f-96f1-4a78-9ded-8a6757273253" testListId="8c84fa94-04c1-424b-9868-57a2d4851a1d" />
    <TestEntry testId="f4155b3f-f552-fbef-c947-f288b0b80f08" executionId="31214ccd-59c2-406c-98d4-38d2b95a8eee" testListId="8c84fa94-04c1-424b-9868-57a2d4851a1d" />
    <TestEntry testId="8c93a772-f3de-a26f-66b1-0254c5ba6318" executionId="59597df3-48c2-4380-9687-00922269a1ad" testListId="8c84fa94-04c1-424b-9868-57a2d4851a1d" />
    <TestEntry testId="df75989c-ce1a-3a2f-0c63-189750f309f8" executionId="f473762f-4777-4b72-91cc-1875acca3a2b" testListId="8c84fa94-04c1-424b-9868-57a2d4851a1d" />
    <TestEntry testId="3c9984cf-43c8-041a-86d6-73e5c5077978" executionId="b9ccbd0a-694c-495e-82d5-b986629b4d4e" testListId="8c84fa94-04c1-424b-9868-57a2d4851a1d" />
    <TestEntry testId="3bdfeb6a-1940-3387-cd87-eb3de9d258af" executionId="62ac127e-0353-4789-b880-7d9bffdb49d5" testListId="8c84fa94-04c1-424b-9868-57a2d4851a1d" />
    <TestEntry testId="97d6d7ba-50e8-19b3-81e8-e5706c5bcf43" executionId="db574ab6-2a1f-4328-8cad-540dfb0664ac" testListId="8c84fa94-04c1-424b-9868-57a2d4851a1d" />
  </TestEntries>
  <Results>
    <UnitTestResult executionId="146a1ce5-0e15-4f7c-9c89-baff259bbdfd" testId="304bec18-6cbf-4ddf-d11a-6159bd7832ea" testName="MonitorCCEnviRTest" computerName="PEOPLEEATER" duration="00:00:18.5180592" startTime="2011-03-05T16:35:06.9186549+10:00" endTime="2011-03-05T16:35:25.4367141+10:00" testType="13cdc9d9-ddb5-4fa4-a97d-d965ccfc6d4b" outcome="Aborted" testListId="8c84fa94-04c1-424b-9868-57a2d4851a1d" relativeResultsDirectory="146a1ce5-0e15-4f7c-9c89-baff259bbdfd">
    </UnitTestResult>
    <UnitTestResult executionId="301f1860-6e03-46f3-84de-883a36148706" testId="b07455e8-d6f7-db20-cdce-595623ba955a" testName="ApplicationSettingsConstructorTest" computerName="PEOPLEEATER" testType="13cdc9d9-ddb5-4fa4-a97d-d965ccfc6d4b" outcome="NotExecuted" testListId="8c84fa94-04c1-424b-9868-57a2d4851a1d" relativeResultsDirectory="301f1860-6e03-46f3-84de-883a36148706">
    </UnitTestResult>
    <UnitTestResult executionId="c13c6bb8-84ba-4515-9f41-10bcb50a0de3" testId="77728677-88b6-005e-f385-94652e2eda07" testName="GetMessageTest" computerName="PEOPLEEATER" testType="13cdc9d9-ddb5-4fa4-a97d-d965ccfc6d4b" outcome="NotExecuted" testListId="8c84fa94-04c1-424b-9868-57a2d4851a1d" relativeResultsDirectory="c13c6bb8-84ba-4515-9f41-10bcb50a0de3">
    </UnitTestResult>
    <UnitTestResult executionId="b28a531b-3bcb-4853-9753-2c66c7f1a89d" testId="cce70440-9a15-4a61-aca5-3e666f618c81" testName="extractRecordsTest" computerName="PEOPLEEATER" testType="13cdc9d9-ddb5-4fa4-a97d-d965ccfc6d4b" outcome="NotExecuted" testListId="8c84fa94-04c1-424b-9868-57a2d4851a1d" relativeResultsDirectory="b28a531b-3bcb-4853-9753-2c66c7f1a89d">
    </UnitTestResult>
    <UnitTestResult executionId="a92ce64f-96f1-4a78-9ded-8a6757273253" testId="fa07783a-7b64-985d-9203-06f03d4218a3" testName="OnStartTest" computerName="PEOPLEEATER" testType="13cdc9d9-ddb5-4fa4-a97d-d965ccfc6d4b" outcome="NotExecuted" testListId="8c84fa94-04c1-424b-9868-57a2d4851a1d" relativeResultsDirectory="a92ce64f-96f1-4a78-9ded-8a6757273253">
    </UnitTestResult>
    <UnitTestResult executionId="31214ccd-59c2-406c-98d4-38d2b95a8eee" testId="f4155b3f-f552-fbef-c947-f288b0b80f08" testName="PrepareLoadListTest" computerName="PEOPLEEATER" testType="13cdc9d9-ddb5-4fa4-a97d-d965ccfc6d4b" outcome="NotExecuted" testListId="8c84fa94-04c1-424b-9868-57a2d4851a1d" relativeResultsDirectory="31214ccd-59c2-406c-98d4-38d2b95a8eee">
    </UnitTestResult>
    <UnitTestResult executionId="59597df3-48c2-4380-9687-00922269a1ad" testId="8c93a772-f3de-a26f-66b1-0254c5ba6318" testName="ManageExecutionStateTest" computerName="PEOPLEEATER" testType="13cdc9d9-ddb5-4fa4-a97d-d965ccfc6d4b" outcome="NotExecuted" testListId="8c84fa94-04c1-424b-9868-57a2d4851a1d" relativeResultsDirectory="59597df3-48c2-4380-9687-00922269a1ad">
    </UnitTestResult>
    <UnitTestResult executionId="f473762f-4777-4b72-91cc-1875acca3a2b" testId="df75989c-ce1a-3a2f-0c63-189750f309f8" testName="ReadFromBufferTest" computerName="PEOPLEEATER" testType="13cdc9d9-ddb5-4fa4-a97d-d965ccfc6d4b" outcome="NotExecuted" testListId="8c84fa94-04c1-424b-9868-57a2d4851a1d" relativeResultsDirectory="f473762f-4777-4b72-91cc-1875acca3a2b">
    </UnitTestResult>
    <UnitTestResult executionId="b9ccbd0a-694c-495e-82d5-b986629b4d4e" testId="3c9984cf-43c8-041a-86d6-73e5c5077978" testName="RunExtractTest" computerName="PEOPLEEATER" testType="13cdc9d9-ddb5-4fa4-a97d-d965ccfc6d4b" outcome="NotExecuted" testListId="8c84fa94-04c1-424b-9868-57a2d4851a1d" relativeResultsDirectory="b9ccbd0a-694c-495e-82d5-b986629b4d4e">
    </UnitTestResult>
    <UnitTestResult executionId="62ac127e-0353-4789-b880-7d9bffdb49d5" testId="3bdfeb6a-1940-3387-cd87-eb3de9d258af" testName="SuspendForDurationTest" computerName="PEOPLEEATER" testType="13cdc9d9-ddb5-4fa4-a97d-d965ccfc6d4b" outcome="NotExecuted" testListId="8c84fa94-04c1-424b-9868-57a2d4851a1d" relativeResultsDirectory="62ac127e-0353-4789-b880-7d9bffdb49d5">
    </UnitTestResult>
    <UnitTestResult executionId="db574ab6-2a1f-4328-8cad-540dfb0664ac" testId="97d6d7ba-50e8-19b3-81e8-e5706c5bcf43" testName="UpdateTo_1_3_0_0Test" computerName="PEOPLEEATER" testType="13cdc9d9-ddb5-4fa4-a97d-d965ccfc6d4b" outcome="NotExecuted" testListId="8c84fa94-04c1-424b-9868-57a2d4851a1d" relativeResultsDirectory="db574ab6-2a1f-4328-8cad-540dfb0664ac">
    </UnitTestResult>
  </Results>
</TestRun>